<?xml version="1.0" encoding="UTF-8" ?>
<testsuite errors="1" failures="0" hostname="D3X806H1" name="gov.nih.nci.cabig.caaers.web.selenium.CaaersSubjectTest" tests="1" time="0.0" timestamp="2009-02-03T20:36:28">
  <properties>
[...]
</properties>
  <testcase classname="gov.nih.nci.cabig.caaers.web.selenium.CaaersSubjectTest" name="testSearchInvestigator" time="0.0">
    <error message="Timeout occurred. Please note the time in the report does not reflect the time until the timeout." type="junit.framework.AssertionFailedError">junit.framework.AssertionFailedError: Timeout occurred. Please note the time in the report does not reflect the time until the timeout.
</error>
  </testcase>
</testsuite>
